<?xml version="1.0" encoding="UTF-8"?>
<!-- Generated by org.testng.reporters.JUnitXMLReporter -->
<testsuite ignored="1" hostname="VAMSI_KRISHNA" failures="0" tests="4" name="FunctionalTests" time="0.139" errors="0" timestamp="11 Jul 2020 04:21:07 GMT">
  <testcase classname="com.sample.testng.SampleTestng" name="test3" time="0.016"/>
  <testcase classname="com.sample.testng.TestngSample2" name="test5" time="0.005"/>
  <testcase classname="com.sample.testng.TestngSample2" name="test6" time="0.003"/>
  <testcase classname="com.sample.testng.SampleTestng" name="test1" time="0.004"/>
  <testcase classname="com.sample.testng.SampleTestng" name="test2" time="0.0">
    <ignored/>
  </testcase> <!-- test2 -->
</testsuite> <!-- FunctionalTests -->
