<?xml version="1.0" encoding="UTF-8"?>
<testng-results ignored="1" total="5" passed="4" failed="0" skipped="0">
  <reporter-output>
  </reporter-output>
  <suite started-at="2020-07-11T04:21:06Z" name="Sample" finished-at="2020-07-11T04:21:06Z" duration-ms="139">
    <groups>
    </groups>
    <test started-at="2020-07-11T04:21:06Z" name="FunctionalTests" finished-at="2020-07-11T04:21:06Z" duration-ms="139">
      <class name="com.sample.testng.TestngSample2">
        <test-method signature="test5()[pri:0, instance:com.sample.testng.TestngSample2@957e06]" started-at="2020-07-11T04:21:06Z" name="test5" finished-at="2020-07-11T04:21:06Z" duration-ms="5" status="PASS">
          <reporter-output>
          </reporter-output>
        </test-method> <!-- test5 -->
        <test-method signature="test6()[pri:0, instance:com.sample.testng.TestngSample2@957e06]" started-at="2020-07-11T04:21:06Z" name="test6" finished-at="2020-07-11T04:21:06Z" duration-ms="3" status="PASS">
          <reporter-output>
          </reporter-output>
        </test-method> <!-- test6 -->
      </class> <!-- com.sample.testng.TestngSample2 -->
      <class name="com.sample.testng.SampleTestng">
        <test-method is-config="true" signature="beforeClass()[pri:0, instance:com.sample.testng.SampleTestng@31fa1761]" started-at="2020-07-11T04:21:06Z" name="beforeClass" finished-at="2020-07-11T04:21:06Z" duration-ms="29" status="PASS">
          <reporter-output>
          </reporter-output>
        </test-method> <!-- beforeClass -->
        <test-method is-config="true" signature="beforeMethod()[pri:0, instance:com.sample.testng.SampleTestng@31fa1761]" started-at="2020-07-11T04:21:06Z" name="beforeMethod" finished-at="2020-07-11T04:21:06Z" duration-ms="1" status="PASS">
          <reporter-output>
          </reporter-output>
        </test-method> <!-- beforeMethod -->
        <test-method signature="test3()[pri:-5, instance:com.sample.testng.SampleTestng@31fa1761]" started-at="2020-07-11T04:21:06Z" name="test3" finished-at="2020-07-11T04:21:06Z" duration-ms="16" status="PASS">
          <reporter-output>
          </reporter-output>
        </test-method> <!-- test3 -->
        <test-method is-config="true" signature="afterMethod()[pri:0, instance:com.sample.testng.SampleTestng@31fa1761]" started-at="2020-07-11T04:21:06Z" name="afterMethod" finished-at="2020-07-11T04:21:06Z" duration-ms="1" status="PASS">
          <reporter-output>
          </reporter-output>
        </test-method> <!-- afterMethod -->
        <test-method is-config="true" signature="beforeMethod()[pri:0, instance:com.sample.testng.SampleTestng@31fa1761]" started-at="2020-07-11T04:21:06Z" name="beforeMethod" finished-at="2020-07-11T04:21:06Z" duration-ms="1" status="PASS">
          <reporter-output>
          </reporter-output>
        </test-method> <!-- beforeMethod -->
        <test-method signature="test1()[pri:4, instance:com.sample.testng.SampleTestng@31fa1761]" started-at="2020-07-11T04:21:06Z" name="test1" finished-at="2020-07-11T04:21:06Z" duration-ms="4" status="PASS">
          <reporter-output>
          </reporter-output>
        </test-method> <!-- test1 -->
        <test-method is-config="true" signature="afterMethod()[pri:0, instance:com.sample.testng.SampleTestng@31fa1761]" started-at="2020-07-11T04:21:06Z" name="afterMethod" finished-at="2020-07-11T04:21:06Z" duration-ms="1" status="PASS">
          <reporter-output>
          </reporter-output>
        </test-method> <!-- afterMethod -->
        <test-method is-config="true" signature="afterClass()[pri:0, instance:com.sample.testng.SampleTestng@31fa1761]" started-at="2020-07-11T04:21:06Z" name="afterClass" finished-at="2020-07-11T04:21:06Z" duration-ms="1" status="PASS">
          <reporter-output>
          </reporter-output>
        </test-method> <!-- afterClass -->
      </class> <!-- com.sample.testng.SampleTestng -->
    </test> <!-- FunctionalTests -->
  </suite> <!-- Sample -->
</testng-results>
